
> casano-monorepo@1.0.0 build
> npm run build --workspaces --if-present


> @casano/frontend@1.0.0 build
> next build

   ▲ Next.js 15.5.12

   Creating an optimized production build ...
Failed to compile.

./src/app/admin/wizard/page.tsx
Error:   [31mx[0m Expression expected
    ,-[[36;1;4mC:\Users\HP\jatphatt\apps\frontend\src\app\admin\wizard\page.tsx[0m:73:1]
 [2m70[0m |                                 disabled={isScanning}
 [2m71[0m |                                 className={`w-full mt-8 py-4 rounded-xl font-bold text-lg transition-all ${isScanning ? 'bg-neutral-800 text-neutral-500' : 'bg-emerald-600 hover:bg-emerald-500 text-white shadow-[0_0_30px_rgba(16,185,129,0.2)]'}`}
 [2m72[0m |                             >
 [2m73[0m |                                 {isScanning ? &apos;🛰️ Scanning Grid...&apos; : &apos;Initiate Radar Scan&apos;}
    : [35;1m                                              ^[0m
 [2m74[0m |                             </button>
 [2m75[0m |                         </div>
 [2m75[0m |                     )}
    `----
  [31mx[0m Expected '</', got ';'
    ,-[[36;1;4mC:\Users\HP\jatphatt\apps\frontend\src\app\admin\wizard\page.tsx[0m:73:1]
 [2m70[0m |                                 disabled={isScanning}
 [2m71[0m |                                 className={`w-full mt-8 py-4 rounded-xl font-bold text-lg transition-all ${isScanning ? 'bg-neutral-800 text-neutral-500' : 'bg-emerald-600 hover:bg-emerald-500 text-white shadow-[0_0_30px_rgba(16,185,129,0.2)]'}`}
 [2m72[0m |                             >
 [2m73[0m |                                 {isScanning ? &apos;🛰️ Scanning Grid...&apos; : &apos;Initiate Radar Scan&apos;}
    : [35;1m                                                   ^[0m
 [2m74[0m |                             </button>
 [2m75[0m |                         </div>
 [2m75[0m |                     )}
    `----

Caused by:
    Syntax Error

Import trace for requested module:
./src/app/admin/wizard/page.tsx

./src/app/architecture/page.jsx
Error:   [31mx[0m Unterminated string constant
    ,-[[36;1;4mC:\Users\HP\jatphatt\apps\frontend\src\app\architecture\page.jsx[0m:55:1]
 [2m52[0m |     { icon: "🔍", title: "Customer Searches", color: "#60a5fa", desc: "Customer types 'Toothpaste' → Smart search triggers", detail: "Elasticsearch fuzzy search + NLP normalization. Synonyms ('paste' → 'toothpaste'), brand matching, category inference." },
 [2m53[0m |     { icon: "📍", title: "Geo-Location Engine", color: colors.green, desc: "System captures GPS coords → Haversine algorithm finds nearby shops", detail: "PostGIS geospatial queries. Shops within configurable radius (default 5km). Returns distance, ETA, delivery cost." },
 [2m54[0m |     { icon: "🏪", title: "Shop Inventory Match", color: colors.yellow, desc: "Matches search term to shopkeeper inventory → Stock availability check", detail: "Real-time inventory via Redis. Shop registers items with quantity. Algorithm scores: distance + availability + rating + price." },
 [2m55[0m |     { icon: "💰", title: "Price + Distance Calc", color: colors.accent2, desc: "Shows user: nearest shop, price breakdown, delivery charge", detail: "Dynamic pricing: base fee + per-km charge. If distance > threshold → warning shown. Platform fee = 5-15% of order value.&quot; },
    : [35;1m                                                                                                                                                     ^^^^^^^^^^^^^^^^^^^^^^^^^^^^^^^^^^^^^^^^^^^^^^^^^^^^^^^^^^^^^^^^^^^^^^^^^^^^^^^^^^^^^^^^^^^^^^^^^^^^^^^^^^^^^^^^^^^^^^^^^^^^^^^^^^[0m
 [2m56[0m |     { icon: &quot;📦&quot;, title: &quot;Order Placement&quot;, color: &quot;#e879f9&quot;, desc: &quot;Customer confirms → Order sent to shopkeeper&quot;, detail: &quot;Order queued in Redis. Shopkeeper notified via WebSocket + push notification. 60-second acceptance window.&quot; },
 [2m57[0m |     { icon: &quot;✅&quot;, title: &quot;3-Layer Verification&quot;, color: colors.green, desc: &quot;1) Shopkeeper confirms → 2) Delivery partner accepts → 3) Customer receives + confirms&quot;, detail: &quot;Each step has timeout fallback. OTP at delivery. All states tracked in real-time. Blockchain hash for audit trail (optional).&quot; },
 [2m58[0m |     { icon: &quot;🛵&quot;, title: &quot;Delivery + Tracking&quot;, color: colors.accent, desc: &quot;Live GPS tracking, ETA updates, status pings&quot;, detail: &quot;Google Maps Directions API / OSRM for routing. Delivery partner app sends location every 5 seconds via WebSocket.&quot; },
    `----
  [31mx[0m Expected ',', got '{'
    ,-[[36;1;4mC:\Users\HP\jatphatt\apps\frontend\src\app\architecture\page.jsx[0m:56:1]
 [2m53[0m |     { icon: "📍", title: "Geo-Location Engine", color: colors.green, desc: "System captures GPS coords → Haversine algorithm finds nearby shops", detail: "PostGIS geospatial queries. Shops within configurable radius (default 5km). Returns distance, ETA, delivery cost." },
 [2m54[0m |     { icon: "🏪", title: "Shop Inventory Match", color: colors.yellow, desc: "Matches search term to shopkeeper inventory → Stock availability check", detail: "Real-time inventory via Redis. Shop registers items with quantity. Algorithm scores: distance + availability + rating + price." },
 [2m55[0m |     { icon: "💰", title: "Price + Distance Calc", color: colors.accent2, desc: "Shows user: nearest shop, price breakdown, delivery charge", detail: "Dynamic pricing: base fee + per-km charge. If distance > threshold → warning shown. Platform fee = 5-15% of order value.&quot; },
 [2m56[0m |     { icon: &quot;📦&quot;, title: &quot;Order Placement&quot;, color: &quot;#e879f9&quot;, desc: &quot;Customer confirms → Order sent to shopkeeper&quot;, detail: &quot;Order queued in Redis. Shopkeeper notified via WebSocket + push notification. 60-second acceptance window.&quot; },
    : [35;1m    ^[0m
 [2m57[0m |     { icon: &quot;✅&quot;, title: &quot;3-Layer Verification&quot;, color: colors.green, desc: &quot;1) Shopkeeper confirms → 2) Delivery partner accepts → 3) Customer receives + confirms&quot;, detail: &quot;Each step has timeout fallback. OTP at delivery. All states tracked in real-time. Blockchain hash for audit trail (optional).&quot; },
 [2m58[0m |     { icon: &quot;🛵&quot;, title: &quot;Delivery + Tracking&quot;, color: colors.accent, desc: &quot;Live GPS tracking, ETA updates, status pings&quot;, detail: &quot;Google Maps Directions API / OSRM for routing. Delivery partner app sends location every 5 seconds via WebSocket.&quot; },
 [2m59[0m |   ];
    `----

Caused by:
    Syntax Error

Import trace for requested module:
./src/app/architecture/page.jsx

./src/app/checkout/page.tsx
Error:   [31mx[0m Expression expected
    ,-[[36;1;4mC:\Users\HP\jatphatt\apps\frontend\src\app\checkout\page.tsx[0m:38:1]
 [2m35[0m | export default function CheckoutPage() {
 [2m36[0m |   const router = useRouter();
 [2m37[0m |   const { cartTotal, items, clearCart } = useCart();
 [2m38[0m |   const [activeAccordion, setActiveAccordion] = useState<PaymentMethod | null>(&apos;cards&apos;);
    : [35;1m                                                                               ^[0m
 [2m39[0m | 
 [2m40[0m |   /* Card form */
 [2m41[0m |   const [cardNumber, setCardNumber] = useState(&apos;&apos;);
    `----
  [31mx[0m Expected ',', got ';'
    ,-[[36;1;4mC:\Users\HP\jatphatt\apps\frontend\src\app\checkout\page.tsx[0m:38:1]
 [2m35[0m | export default function CheckoutPage() {
 [2m36[0m |   const router = useRouter();
 [2m37[0m |   const { cartTotal, items, clearCart } = useCart();
 [2m38[0m |   const [activeAccordion, setActiveAccordion] = useState<PaymentMethod | null>(&apos;cards&apos;);
    : [35;1m                                                                                    ^[0m
 [2m39[0m | 
 [2m40[0m |   /* Card form */
 [2m41[0m |   const [cardNumber, setCardNumber] = useState(&apos;&apos;);
    `----

Caused by:
    Syntax Error

Import trace for requested module:
./src/app/checkout/page.tsx

./src/app/investors/page.tsx
Error:   [31mx[0m Expression expected
    ,-[[36;1;4mC:\Users\HP\jatphatt\apps\frontend\src\app\investors\page.tsx[0m:11:1]
 [2m 8[0m |     const [aov, setAov] = useState(400);
 [2m 9[0m | 
 [2m10[0m |     const startDemo = () => {
 [2m11[0m |         router.push(&apos;/admin/investor&apos;);
    : [35;1m                    ^[0m
 [2m12[0m |     };
 [2m13[0m | 
 [2m13[0m |     return (
    `----
  [31mx[0m Expected ',', got ';'
    ,-[[36;1;4mC:\Users\HP\jatphatt\apps\frontend\src\app\investors\page.tsx[0m:11:1]
 [2m 8[0m |     const [aov, setAov] = useState(400);
 [2m 9[0m | 
 [2m10[0m |     const startDemo = () => {
 [2m11[0m |         router.push(&apos;/admin/investor&apos;);
    : [35;1m                         ^[0m
 [2m12[0m |     };
 [2m13[0m | 
 [2m13[0m |     return (
    `----

Caused by:
    Syntax Error

Import trace for requested module:
./src/app/investors/page.tsx

./src/app/merchant/page.tsx
Error:   [31mx[0m Expression expected
     ,-[[36;1;4mC:\Users\HP\jatphatt\apps\frontend\src\app\merchant\page.tsx[0m:246:1]
 [2m243[0m |         setTimeout(() => {
 [2m244[0m |             setSettledAmount(prev => prev + (analytics?.summary.finalProfit || 0));
 [2m245[0m |             // In a real app, this would deduct the pending balance, but for demo effect we&apos;ll just show the success state.
 [2m246[0m |             alert(&apos;Settlement Initiated. Funds will hit the registered bank account in ~2 hours.&apos;);
     : [35;1m                  ^[0m
 [2m247[0m |             setIsSettling(false);
 [2m248[0m |         }, 1500);
 [2m248[0m |     };
     `----
  [31mx[0m Expected ',', got ';'
     ,-[[36;1;4mC:\Users\HP\jatphatt\apps\frontend\src\app\merchant\page.tsx[0m:246:1]
 [2m243[0m |         setTimeout(() => {
 [2m244[0m |             setSettledAmount(prev => prev + (analytics?.summary.finalProfit || 0));
 [2m245[0m |             // In a real app, this would deduct the pending balance, but for demo effect we&apos;ll just show the success state.
 [2m246[0m |             alert(&apos;Settlement Initiated. Funds will hit the registered bank account in ~2 hours.&apos;);
     : [35;1m                       ^[0m
 [2m247[0m |             setIsSettling(false);
 [2m248[0m |         }, 1500);
 [2m248[0m |     };
     `----

Caused by:
    Syntax Error

Import trace for requested module:
./src/app/merchant/page.tsx


> Build failed because of webpack errors
npm error Lifecycle script `build` failed with error:
npm error code 1
npm error path C:\Users\HP\jatphatt\apps\frontend
npm error workspace @casano/frontend@1.0.0
npm error location C:\Users\HP\jatphatt\apps\frontend
npm error command failed
npm error command C:\WINDOWS\system32\cmd.exe /d /s /c next build

