
> @casano/frontend@1.0.0 build
> next build

   ▲ Next.js 15.5.12

   Creating an optimized production build ...
Failed to compile.

./src/app/admin/ops/page.tsx
Error:   [31mx[0m Unexpected token. Did you mean `{'>'}` or `&gt;`?
     ,-[[36;1;4mC:\Users\HP\jatphatt\apps\frontend\src\app\admin\ops\page.tsx[0m:113:1]
 [2m110[0m |                                     <div className={`absolute top-1 w-4 h-4 bg-white rounded-full transition-transform ${surgeActive ? 'translate-x-7' : 'translate-x-1'}`}></div>
 [2m111[0m |                                 </button>
 [2m112[0m |                             </div>
 [2m113[0m |                             {surgeActive && <p className="text-xs text-red-500 font-bold mt-2 animate-pulse">> SURGE ACTIVE (+₹15)</p>}
     : [35;1m                                                                                                             ^[0m
 [2m114[0m |                             <div className="mt-4 bg-black p-3 rounded border border-neutral-800 font-serif text-center overflow-x-auto">
 [2m115[0m |                                 <span className="text-neutral-400 text-xs italic">Live Pricing Algotihm:</span>
 [2m115[0m |                                 <div className="text-emerald-400 mt-2 whitespace-nowrap">
     `----
  [31mx[0m Unexpected token. Did you mean `{'>'}` or `&gt;`?
     ,-[[36;1;4mC:\Users\HP\jatphatt\apps\frontend\src\app\admin\ops\page.tsx[0m:138:1]
 [2m135[0m |                 {/* Live Terminal Log */}
 [2m136[0m |                 <div className="bg-[#0a0a0a] border border-neutral-800 rounded-xl p-6 lg:col-span-2 flex flex-col">
 [2m137[0m |                     <h2 className="text-lg font-bold text-neutral-400 mb-4 flex items-center gap-2">
 [2m138[0m |                         <span className="text-emerald-500">>_</span> Syslog Filter: Core Events
     : [35;1m                                                           ^[0m
 [2m139[0m |                     </h2>
 [2m140[0m | 
 [2m140[0m |                     <div className="flex-1 overflow-hidden relative">
     `----

Caused by:
    Syntax Error

Import trace for requested module:
./src/app/admin/ops/page.tsx

./src/app/admin/wizard/page.tsx
Error:   [31mx[0m Unexpected token. Did you mean `{'>'}` or `&gt;`?
     ,-[[36;1;4mC:\Users\HP\jatphatt\apps\frontend\src\app\admin\wizard\page.tsx[0m:115:1]
 [2m112[0m |                             <div className="w-16 h-16 border-4 border-indigo-900 border-t-indigo-500 rounded-full animate-spin mb-6"></div>
 [2m113[0m |                             <h2 className="text-xl font-bold text-indigo-400 mb-2">Deploying Node...</h2>
 [2m114[0m |                             <p className="text-xs text-neutral-500 font-mono text-center">
 [2m115[0m |                                 > Scraping Google Places Metadata<br />
     : [35;1m                                ^[0m
 [2m116[0m |                                 > Allocating Server Resources<br />
 [2m117[0m |                                 > Generating WhatsApp Onboarding links
 [2m117[0m |                             </p>
     `----
  [31mx[0m Unexpected token. Did you mean `{'>'}` or `&gt;`?
     ,-[[36;1;4mC:\Users\HP\jatphatt\apps\frontend\src\app\admin\wizard\page.tsx[0m:116:1]
 [2m113[0m |                             <h2 className="text-xl font-bold text-indigo-400 mb-2">Deploying Node...</h2>
 [2m114[0m |                             <p className="text-xs text-neutral-500 font-mono text-center">
 [2m115[0m |                                 > Scraping Google Places Metadata<br />
 [2m116[0m |                                 > Allocating Server Resources<br />
     : [35;1m                                ^[0m
 [2m117[0m |                                 > Generating WhatsApp Onboarding links
 [2m118[0m |                             </p>
 [2m118[0m |                         </div>
     `----
  [31mx[0m Unexpected token. Did you mean `{'>'}` or `&gt;`?
     ,-[[36;1;4mC:\Users\HP\jatphatt\apps\frontend\src\app\admin\wizard\page.tsx[0m:117:1]
 [2m114[0m |                             <p className="text-xs text-neutral-500 font-mono text-center">
 [2m115[0m |                                 > Scraping Google Places Metadata<br />
 [2m116[0m |                                 > Allocating Server Resources<br />
 [2m117[0m |                                 > Generating WhatsApp Onboarding links
     : [35;1m                                ^[0m
 [2m118[0m |                             </p>
 [2m119[0m |                         </div>
 [2m119[0m |                     )}
     `----

Caused by:
    Syntax Error

Import trace for requested module:
./src/app/admin/wizard/page.tsx

./src/app/return/page.tsx
Error:   [31mx[0m Unexpected token. Did you mean `{'>'}` or `&gt;`?
     ,-[[36;1;4mC:\Users\HP\jatphatt\apps\frontend\src\app\return\page.tsx[0m:126:1]
 [2m123[0m |                         />
 [2m124[0m |                         <span className="text-sm font-bold text-neutral-700 ">Simulate Scam (Spoof Location Data)</span>
 [2m125[0m |                     </label>
 [2m126[0m |                     <p className="text-[10px] text-neutral-500 ml-7 mt-1">If checked, AI extraction will intentionally mimic an Unboxing photo uploaded from >5km away from the actual delivery geofence.</p>
     : [35;1m                                                                                                                                                             ^[0m
 [2m127[0m |                 </div>
 [2m128[0m | 
 [2m128[0m |                 <button
     `----

Caused by:
    Syntax Error

Import trace for requested module:
./src/app/return/page.tsx


> Build failed because of webpack errors
npm error Lifecycle script `build` failed with error:
npm error code 1
npm error path C:\Users\HP\jatphatt\apps\frontend
npm error workspace @casano/frontend@1.0.0
npm error location C:\Users\HP\jatphatt\apps\frontend
npm error command failed
npm error command C:\WINDOWS\system32\cmd.exe /d /s /c next build
